mode: set
github.com/cloud-bulldozer/go-commons/indexers/elastic.go:46.13,48.2 1 1
github.com/cloud-bulldozer/go-commons/indexers/elastic.go:51.66,53.31 2 1
github.com/cloud-bulldozer/go-commons/indexers/elastic.go:53.31,55.3 1 1
github.com/cloud-bulldozer/go-commons/indexers/elastic.go:56.2,62.16 4 1
github.com/cloud-bulldozer/go-commons/indexers/elastic.go:62.16,64.3 1 0
github.com/cloud-bulldozer/go-commons/indexers/elastic.go:65.2,66.16 2 1
github.com/cloud-bulldozer/go-commons/indexers/elastic.go:66.16,68.3 1 1
github.com/cloud-bulldozer/go-commons/indexers/elastic.go:69.2,69.25 1 1
github.com/cloud-bulldozer/go-commons/indexers/elastic.go:69.25,71.3 1 1
github.com/cloud-bulldozer/go-commons/indexers/elastic.go:72.2,74.17 3 1
github.com/cloud-bulldozer/go-commons/indexers/elastic.go:74.17,76.18 2 0
github.com/cloud-bulldozer/go-commons/indexers/elastic.go:76.18,78.4 1 0
github.com/cloud-bulldozer/go-commons/indexers/elastic.go:80.2,80.12 1 1
github.com/cloud-bulldozer/go-commons/indexers/elastic.go:84.93,96.16 6 0
github.com/cloud-bulldozer/go-commons/indexers/elastic.go:96.16,98.3 1 0
github.com/cloud-bulldozer/go-commons/indexers/elastic.go:99.2,100.37 2 0
github.com/cloud-bulldozer/go-commons/indexers/elastic.go:100.37,102.17 2 0
github.com/cloud-bulldozer/go-commons/indexers/elastic.go:102.17,104.4 1 0
github.com/cloud-bulldozer/go-commons/indexers/elastic.go:105.3,112.105 2 0
github.com/cloud-bulldozer/go-commons/indexers/elastic.go:112.105,116.6 3 0
github.com/cloud-bulldozer/go-commons/indexers/elastic.go:119.3,119.17 1 0
github.com/cloud-bulldozer/go-commons/indexers/elastic.go:119.17,121.4 1 0
github.com/cloud-bulldozer/go-commons/indexers/elastic.go:122.3,122.17 1 0
github.com/cloud-bulldozer/go-commons/indexers/elastic.go:124.2,124.55 1 0
github.com/cloud-bulldozer/go-commons/indexers/elastic.go:124.55,126.3 1 0
github.com/cloud-bulldozer/go-commons/indexers/elastic.go:127.2,128.38 2 0
github.com/cloud-bulldozer/go-commons/indexers/elastic.go:128.38,130.3 1 0
github.com/cloud-bulldozer/go-commons/indexers/elastic.go:131.2,131.99 1 0
github.com/cloud-bulldozer/go-commons/indexers/factory.go:24.64,28.52 4 1
github.com/cloud-bulldozer/go-commons/indexers/factory.go:28.52,30.17 2 1
github.com/cloud-bulldozer/go-commons/indexers/factory.go:30.17,32.4 1 1
github.com/cloud-bulldozer/go-commons/indexers/factory.go:33.8,35.3 1 1
github.com/cloud-bulldozer/go-commons/indexers/factory.go:36.2,36.22 1 1
github.com/cloud-bulldozer/go-commons/indexers/local.go:32.13,34.2 1 1
github.com/cloud-bulldozer/go-commons/indexers/local.go:37.56,38.42 1 0
github.com/cloud-bulldozer/go-commons/indexers/local.go:38.42,40.3 1 0
github.com/cloud-bulldozer/go-commons/indexers/local.go:41.2,43.12 3 0
github.com/cloud-bulldozer/go-commons/indexers/local.go:47.83,49.24 2 0
github.com/cloud-bulldozer/go-commons/indexers/local.go:49.24,51.3 1 0
github.com/cloud-bulldozer/go-commons/indexers/local.go:51.8,53.3 1 0
github.com/cloud-bulldozer/go-commons/indexers/local.go:54.2,56.16 3 0
github.com/cloud-bulldozer/go-commons/indexers/local.go:56.16,58.3 1 0
github.com/cloud-bulldozer/go-commons/indexers/local.go:59.2,61.50 3 0
github.com/cloud-bulldozer/go-commons/indexers/local.go:61.50,63.3 1 0
github.com/cloud-bulldozer/go-commons/indexers/local.go:64.2,64.16 1 0
github.com/cloud-bulldozer/go-commons/indexers/opensearch.go:46.13,48.2 1 1
github.com/cloud-bulldozer/go-commons/indexers/opensearch.go:51.77,53.31 2 0
github.com/cloud-bulldozer/go-commons/indexers/opensearch.go:53.31,55.3 1 0
github.com/cloud-bulldozer/go-commons/indexers/opensearch.go:56.2,62.16 4 0
github.com/cloud-bulldozer/go-commons/indexers/opensearch.go:62.16,64.3 1 0
github.com/cloud-bulldozer/go-commons/indexers/opensearch.go:65.2,66.16 2 0
github.com/cloud-bulldozer/go-commons/indexers/opensearch.go:66.16,68.3 1 0
github.com/cloud-bulldozer/go-commons/indexers/opensearch.go:69.2,69.25 1 0
github.com/cloud-bulldozer/go-commons/indexers/opensearch.go:69.25,71.3 1 0
github.com/cloud-bulldozer/go-commons/indexers/opensearch.go:72.2,74.17 3 0
github.com/cloud-bulldozer/go-commons/indexers/opensearch.go:74.17,76.18 2 0
github.com/cloud-bulldozer/go-commons/indexers/opensearch.go:76.18,78.4 1 0
github.com/cloud-bulldozer/go-commons/indexers/opensearch.go:80.2,80.12 1 0
github.com/cloud-bulldozer/go-commons/indexers/opensearch.go:84.104,96.16 6 0
github.com/cloud-bulldozer/go-commons/indexers/opensearch.go:96.16,98.3 1 0
github.com/cloud-bulldozer/go-commons/indexers/opensearch.go:99.2,100.37 2 0
github.com/cloud-bulldozer/go-commons/indexers/opensearch.go:100.37,102.17 2 0
github.com/cloud-bulldozer/go-commons/indexers/opensearch.go:102.17,104.4 1 0
github.com/cloud-bulldozer/go-commons/indexers/opensearch.go:105.3,112.121 2 0
github.com/cloud-bulldozer/go-commons/indexers/opensearch.go:112.121,116.6 3 0
github.com/cloud-bulldozer/go-commons/indexers/opensearch.go:119.3,119.17 1 0
github.com/cloud-bulldozer/go-commons/indexers/opensearch.go:119.17,121.4 1 0
github.com/cloud-bulldozer/go-commons/indexers/opensearch.go:122.3,122.17 1 0
github.com/cloud-bulldozer/go-commons/indexers/opensearch.go:124.2,124.55 1 0
github.com/cloud-bulldozer/go-commons/indexers/opensearch.go:124.55,126.3 1 0
github.com/cloud-bulldozer/go-commons/indexers/opensearch.go:127.2,128.38 2 0
github.com/cloud-bulldozer/go-commons/indexers/opensearch.go:128.38,130.3 1 0
github.com/cloud-bulldozer/go-commons/indexers/opensearch.go:131.2,131.99 1 0
