mode: set
github.com/cloud-bulldozer/go-commons/comparison/elastic.go:32.74,37.2 1 1
github.com/cloud-bulldozer/go-commons/comparison/elastic.go:47.108,50.16 3 1
github.com/cloud-bulldozer/go-commons/comparison/elastic.go:50.16,52.3 1 1
github.com/cloud-bulldozer/go-commons/comparison/elastic.go:53.2,53.14 1 1
github.com/cloud-bulldozer/go-commons/comparison/elastic.go:54.11,55.23 1 1
github.com/cloud-bulldozer/go-commons/comparison/elastic.go:56.11,57.23 1 1
github.com/cloud-bulldozer/go-commons/comparison/elastic.go:58.11,59.23 1 1
github.com/cloud-bulldozer/go-commons/comparison/elastic.go:60.11,61.23 1 1
github.com/cloud-bulldozer/go-commons/comparison/elastic.go:63.2,63.20 1 1
github.com/cloud-bulldozer/go-commons/comparison/elastic.go:63.20,65.32 2 1
github.com/cloud-bulldozer/go-commons/comparison/elastic.go:65.32,67.4 1 1
github.com/cloud-bulldozer/go-commons/comparison/elastic.go:68.8,68.26 1 1
github.com/cloud-bulldozer/go-commons/comparison/elastic.go:68.26,70.32 2 1
github.com/cloud-bulldozer/go-commons/comparison/elastic.go:70.32,72.4 1 1
github.com/cloud-bulldozer/go-commons/comparison/elastic.go:74.2,74.95 1 1
github.com/cloud-bulldozer/go-commons/comparison/elastic.go:95.75,117.16 5 1
github.com/cloud-bulldozer/go-commons/comparison/elastic.go:117.16,119.3 1 1
github.com/cloud-bulldozer/go-commons/comparison/elastic.go:120.2,120.19 1 1
github.com/cloud-bulldozer/go-commons/comparison/elastic.go:120.19,122.62 2 1
github.com/cloud-bulldozer/go-commons/comparison/elastic.go:122.62,124.4 1 1
github.com/cloud-bulldozer/go-commons/comparison/elastic.go:124.9,131.4 1 1
github.com/cloud-bulldozer/go-commons/comparison/elastic.go:133.2,133.68 1 1
github.com/cloud-bulldozer/go-commons/comparison/elastic.go:133.68,135.3 1 1
github.com/cloud-bulldozer/go-commons/comparison/elastic.go:137.2,137.41 1 1
